GET /
GET /favicon.ico
Completed 200 OK in 4.33092ms
GET /
Completed 200 OK in 5.386653ms
GET /css/blog.css
GET /js/highlight/styles/xcode.css
GET /css/markdown.css
GET /css/pagination.css
GET /js/jquery-2.1.3.min.js
GET /js/highlight/highlight.pack.js
Completed 200 OK in 5.710403ms
Completed 200 OK in 4.805445ms
Completed 200 OK in 4.71354ms
Completed 200 OK in 4.700387ms
Completed 200 OK in 699.532µs
Completed 200 OK in 614.741µs
GET /css/pure-0.6.0/pure-min.css
Completed 200 OK in 296.88µs
GET /css/pure-0.6.0/grids-responsive-min.css
Completed 200 OK in 174.264µs
GET /favicon.ico
Completed 200 OK in 78.195µs
GET /archive
Completed 200 OK in 4.814435ms
GET /about
Completed 200 OK in 10.239151ms
GET /backend/
GET /auth/login
Completed 200 OK in 1.988677ms
GET /css/backend.css
GET /js/layer/skin/layer.css
GET /js/layer/layer.js
GET /js/backend.js
Completed 200 OK in 3.629109ms
Completed 200 OK in 3.460381ms
Completed 200 OK in 3.594889ms
Completed 200 OK in 3.901389ms
POST /auth/login
Completed 200 OK in 189.206µs
GET /js/layer/skin/default/icon.png
Completed 200 OK in 354.629µs
POST /auth/login
Completed 200 OK in 146.07µs
GET /backend/
Completed 200 OK in 3.779071ms
POST /backend/articles
POST /backend/articles
POST /backend/articles
Completed 200 OK in 70.62256ms
GET /article/www-baidu-com.html
Completed 200 OK in 11.334573ms
GET /article/www-baidu-com.html
Completed 200 OK in 3.924164ms
